2018-06-29 15:21:30 [127.0.0.1][113][4pqagkimh7er9ba99fu47hsi72][error][yii\base\ErrorException:8] yii\base\ErrorException: Undefined offset: 0 in D:\flm\xunmall-crm\backend\controllers\PetitionController.php:465
Stack trace:
#0 D:\flm\xunmall-crm\backend\controllers\PetitionController.php(465): yii\base\ErrorHandler->handleError(8, 'Undefined offse...', 'D:\\flm\\xunmall-...', 465, Array)
#1 D:\flm\xunmall-crm\backend\controllers\PetitionController.php(193): backend\controllers\PetitionController->detailPetitionReceive('410', '113')
#2 [internal function]: backend\controllers\PetitionController->actionView('410')
#3 D:\flm\xunmall-crm\vendor\yiisoft\yii2\base\InlineAction.php(55): call_user_func_array(Array, Array)
#4 D:\flm\xunmall-crm\vendor\yiisoft\yii2\base\Controller.php(154): yii\base\InlineAction->runWithParams(Array)
#5 D:\flm\xunmall-crm\vendor\yiisoft\yii2\base\Module.php(454): yii\base\Controller->runAction('view', Array)
#6 D:\flm\xunmall-crm\vendor\yiisoft\yii2\web\Application.php(100): yii\base\Module->runAction('petition/view', Array)
#7 D:\flm\xunmall-crm\vendor\yiisoft\yii2\base\Application.php(375): yii\web\Application->handleRequest(Object(yii\web\Request))
#8 D:\flm\xunmall-crm\backend\web\index.php(26): yii\base\Application->run()
#9 {main}
2018-06-29 15:21:30 [127.0.0.1][113][4pqagkimh7er9ba99fu47hsi72][info][application] $_GET = [
    'id' => '410'
]

$_COOKIE = [
    '_identity-backend' => '3d652b202308f425731701525dcfb6da27b1e23587185daaf450c6a4c63a115ea:2:{i:0;s:17:\"_identity-backend\";i:1;s:20:\"[\"113\",null,2592000]\";}'
    '_csrf-backend' => 'f16fa46f8b011e6aaae5d4163fb18132c0da6f106756034e9c081fdfd4020ff6a:2:{i:0;s:13:\"_csrf-backend\";i:1;s:32:\"ZaheLd4QsaGbJ282fJn5z_Kda9bxuAxZ\";}'
    'advanced-backend' => '4pqagkimh7er9ba99fu47hsi72'
]

$_SESSION = [
    '__flash' => []
    '__captcha/site/captcha' => 'juj'
    '__captcha/site/captchacount' => 1
    '__id' => '113'
]

$_SERVER = [
    'PATH' => 'C:\\Windows\\system32;C:\\Windows;C:\\Windows\\System32\\Wbem;C:\\Windows\\System32\\WindowsPowerShell\\v1.0\\;C:\\Program Files\\Git\\cmd;C:\\Program Files\\TortoiseGit\\bin;C:\\Program Files\\nodejs\\;C:\\Users\\Administrator\\AppData\\Roaming\\npm'
    'SYSTEMROOT' => 'C:\\Windows'
    'COMSPEC' => 'C:\\Windows\\system32\\cmd.exe'
    'PATHEXT' => '.COM;.EXE;.BAT;.CMD;.VBS;.VBE;.JS;.JSE;.WSF;.WSH;.MSC'
    'WINDIR' => 'C:\\Windows'
    'PHP_FCGI_MAX_REQUESTS' => '1000'
    'PHPRC' => 'D:/flm_service/php70n'
    '_FCGI_SHUTDOWN_EVENT_' => '1876'
    'SCRIPT_NAME' => '/index.php'
    'REQUEST_URI' => '/petition/view?id=410'
    'QUERY_STRING' => 'id=410'
    'REQUEST_METHOD' => 'GET'
    'SERVER_PROTOCOL' => 'HTTP/1.1'
    'GATEWAY_INTERFACE' => 'CGI/1.1'
    'REDIRECT_QUERY_STRING' => 'id=410'
    'REDIRECT_URL' => '/petition/view'
    'REMOTE_PORT' => '58843'
    'SCRIPT_FILENAME' => 'D:/flm/xunmall-crm/backend/web/index.php'
    'SERVER_ADMIN' => 'admin@phpStudy.net'
    'CONTEXT_DOCUMENT_ROOT' => 'D:/flm/xunmall-crm/backend/web'
    'CONTEXT_PREFIX' => ''
    'REQUEST_SCHEME' => 'http'
    'DOCUMENT_ROOT' => 'D:/flm/xunmall-crm/backend/web'
    'REMOTE_ADDR' => '127.0.0.1'
    'SERVER_PORT' => '80'
    'SERVER_ADDR' => '127.0.0.1'
    'SERVER_NAME' => 'fulamei.admin.com'
    'SERVER_SOFTWARE' => 'Apache/2.4.18 (Win32) OpenSSL/1.0.2e mod_fcgid/2.3.9'
    'SERVER_SIGNATURE' => ''
    'SystemRoot' => 'C:\\Windows'
    'HTTP_COOKIE' => '_identity-backend=3d652b202308f425731701525dcfb6da27b1e23587185daaf450c6a4c63a115ea%3A2%3A%7Bi%3A0%3Bs%3A17%3A%22_identity-backend%22%3Bi%3A1%3Bs%3A20%3A%22%5B%22113%22%2Cnull%2C2592000%5D%22%3B%7D; _csrf-backend=f16fa46f8b011e6aaae5d4163fb18132c0da6f106756034e9c081fdfd4020ff6a%3A2%3A%7Bi%3A0%3Bs%3A13%3A%22_csrf-backend%22%3Bi%3A1%3Bs%3A32%3A%22ZaheLd4QsaGbJ282fJn5z_Kda9bxuAxZ%22%3B%7D; advanced-backend=4pqagkimh7er9ba99fu47hsi72'
    'HTTP_ACCEPT_LANGUAGE' => 'zh-CN,zh;q=0.9'
    'HTTP_ACCEPT_ENCODING' => 'gzip, deflate'
    'HTTP_REFERER' => 'http://fulamei.admin.com/petition/index?page=6'
    'HTTP_ACCEPT' => 'text/html,application/xhtml+xml,application/xml;q=0.9,image/webp,image/apng,*/*;q=0.8'
    'HTTP_USER_AGENT' => 'Mozilla/5.0 (Windows NT 6.1; WOW64) AppleWebKit/537.36 (KHTML, like Gecko) Chrome/67.0.3396.99 Safari/537.36'
    'HTTP_UPGRADE_INSECURE_REQUESTS' => '1'
    'HTTP_CONNECTION' => 'close'
    'HTTP_HOST' => 'fulamei.admin.com'
    'REDIRECT_STATUS' => '200'
    'FCGI_ROLE' => 'RESPONDER'
    'PHP_SELF' => '/index.php'
    'REQUEST_TIME_FLOAT' => 1530256890.7586
    'REQUEST_TIME' => 1530256890
]
2018-06-29 15:21:36 [127.0.0.1][113][4pqagkimh7er9ba99fu47hsi72][error][yii\base\ErrorException:8] yii\base\ErrorException: Undefined offset: 0 in D:\flm\xunmall-crm\backend\controllers\PetitionController.php:465
Stack trace:
#0 D:\flm\xunmall-crm\backend\controllers\PetitionController.php(465): yii\base\ErrorHandler->handleError(8, 'Undefined offse...', 'D:\\flm\\xunmall-...', 465, Array)
#1 D:\flm\xunmall-crm\backend\controllers\PetitionController.php(193): backend\controllers\PetitionController->detailPetitionReceive('430', '113')
#2 [internal function]: backend\controllers\PetitionController->actionView('430')
#3 D:\flm\xunmall-crm\vendor\yiisoft\yii2\base\InlineAction.php(55): call_user_func_array(Array, Array)
#4 D:\flm\xunmall-crm\vendor\yiisoft\yii2\base\Controller.php(154): yii\base\InlineAction->runWithParams(Array)
#5 D:\flm\xunmall-crm\vendor\yiisoft\yii2\base\Module.php(454): yii\base\Controller->runAction('view', Array)
#6 D:\flm\xunmall-crm\vendor\yiisoft\yii2\web\Application.php(100): yii\base\Module->runAction('petition/view', Array)
#7 D:\flm\xunmall-crm\vendor\yiisoft\yii2\base\Application.php(375): yii\web\Application->handleRequest(Object(yii\web\Request))
#8 D:\flm\xunmall-crm\backend\web\index.php(26): yii\base\Application->run()
#9 {main}
2018-06-29 15:21:36 [127.0.0.1][113][4pqagkimh7er9ba99fu47hsi72][info][application] $_GET = [
    'id' => '430'
]

$_COOKIE = [
    '_identity-backend' => '3d652b202308f425731701525dcfb6da27b1e23587185daaf450c6a4c63a115ea:2:{i:0;s:17:\"_identity-backend\";i:1;s:20:\"[\"113\",null,2592000]\";}'
    '_csrf-backend' => 'f16fa46f8b011e6aaae5d4163fb18132c0da6f106756034e9c081fdfd4020ff6a:2:{i:0;s:13:\"_csrf-backend\";i:1;s:32:\"ZaheLd4QsaGbJ282fJn5z_Kda9bxuAxZ\";}'
    'advanced-backend' => '4pqagkimh7er9ba99fu47hsi72'
]

$_SESSION = [
    '__flash' => []
    '__captcha/site/captcha' => 'juj'
    '__captcha/site/captchacount' => 1
    '__id' => '113'
]

$_SERVER = [
    'PATH' => 'C:\\Windows\\system32;C:\\Windows;C:\\Windows\\System32\\Wbem;C:\\Windows\\System32\\WindowsPowerShell\\v1.0\\;C:\\Program Files\\Git\\cmd;C:\\Program Files\\TortoiseGit\\bin;C:\\Program Files\\nodejs\\;C:\\Users\\Administrator\\AppData\\Roaming\\npm'
    'SYSTEMROOT' => 'C:\\Windows'
    'COMSPEC' => 'C:\\Windows\\system32\\cmd.exe'
    'PATHEXT' => '.COM;.EXE;.BAT;.CMD;.VBS;.VBE;.JS;.JSE;.WSF;.WSH;.MSC'
    'WINDIR' => 'C:\\Windows'
    'PHP_FCGI_MAX_REQUESTS' => '1000'
    'PHPRC' => 'D:/flm_service/php70n'
    '_FCGI_SHUTDOWN_EVENT_' => '1876'
    'SCRIPT_NAME' => '/index.php'
    'REQUEST_URI' => '/petition/view?id=430'
    'QUERY_STRING' => 'id=430'
    'REQUEST_METHOD' => 'GET'
    'SERVER_PROTOCOL' => 'HTTP/1.1'
    'GATEWAY_INTERFACE' => 'CGI/1.1'
    'REDIRECT_QUERY_STRING' => 'id=430'
    'REDIRECT_URL' => '/petition/view'
    'REMOTE_PORT' => '59197'
    'SCRIPT_FILENAME' => 'D:/flm/xunmall-crm/backend/web/index.php'
    'SERVER_ADMIN' => 'admin@phpStudy.net'
    'CONTEXT_DOCUMENT_ROOT' => 'D:/flm/xunmall-crm/backend/web'
    'CONTEXT_PREFIX' => ''
    'REQUEST_SCHEME' => 'http'
    'DOCUMENT_ROOT' => 'D:/flm/xunmall-crm/backend/web'
    'REMOTE_ADDR' => '127.0.0.1'
    'SERVER_PORT' => '80'
    'SERVER_ADDR' => '127.0.0.1'
    'SERVER_NAME' => 'fulamei.admin.com'
    'SERVER_SOFTWARE' => 'Apache/2.4.18 (Win32) OpenSSL/1.0.2e mod_fcgid/2.3.9'
    'SERVER_SIGNATURE' => ''
    'SystemRoot' => 'C:\\Windows'
    'HTTP_COOKIE' => '_identity-backend=3d652b202308f425731701525dcfb6da27b1e23587185daaf450c6a4c63a115ea%3A2%3A%7Bi%3A0%3Bs%3A17%3A%22_identity-backend%22%3Bi%3A1%3Bs%3A20%3A%22%5B%22113%22%2Cnull%2C2592000%5D%22%3B%7D; _csrf-backend=f16fa46f8b011e6aaae5d4163fb18132c0da6f106756034e9c081fdfd4020ff6a%3A2%3A%7Bi%3A0%3Bs%3A13%3A%22_csrf-backend%22%3Bi%3A1%3Bs%3A32%3A%22ZaheLd4QsaGbJ282fJn5z_Kda9bxuAxZ%22%3B%7D; advanced-backend=4pqagkimh7er9ba99fu47hsi72'
    'HTTP_ACCEPT_LANGUAGE' => 'zh-CN,zh;q=0.9'
    'HTTP_ACCEPT_ENCODING' => 'gzip, deflate'
    'HTTP_REFERER' => 'http://fulamei.admin.com/petition/index?page=6'
    'HTTP_ACCEPT' => 'text/html,application/xhtml+xml,application/xml;q=0.9,image/webp,image/apng,*/*;q=0.8'
    'HTTP_USER_AGENT' => 'Mozilla/5.0 (Windows NT 6.1; WOW64) AppleWebKit/537.36 (KHTML, like Gecko) Chrome/67.0.3396.99 Safari/537.36'
    'HTTP_UPGRADE_INSECURE_REQUESTS' => '1'
    'HTTP_CONNECTION' => 'close'
    'HTTP_HOST' => 'fulamei.admin.com'
    'REDIRECT_STATUS' => '200'
    'FCGI_ROLE' => 'RESPONDER'
    'PHP_SELF' => '/index.php'
    'REQUEST_TIME_FLOAT' => 1530256896.723
    'REQUEST_TIME' => 1530256896
]
